<?xml version="1.0" encoding="UTF-8"?>
<testsuite xmlns:xsi="http://www.w3.org/2001/XMLSchema-instance" xsi:noNamespaceSchemaLocation="https://maven.apache.org/surefire/maven-surefire-plugin/xsd/surefire-test-report.xsd" name="com.loginPage.LoginPageBackend.LoginPageBackendApplicationTests" time="3.835" tests="1" errors="0" skipped="0" failures="0">
  <properties>
    <property name="java.specification.version" value="17"/>
    <property name="sun.cpu.isalist" value="amd64"/>
    <property name="sun.jnu.encoding" value="Cp1252"/>
    <property name="java.class.path" value="C:\Users\Hao Hong Low\OneDrive\Desktop\LoginPageBackend\target\test-classes;C:\Users\Hao Hong Low\OneDrive\Desktop\LoginPageBackend\target\classes;C:\Users\Hao Hong Low\.m2\repository\org\springframework\boot\spring-boot-starter-security\2.7.6\spring-boot-starter-security-2.7.6.jar;C:\Users\Hao Hong Low\.m2\repository\org\springframework\boot\spring-boot-starter\2.7.6\spring-boot-starter-2.7.6.jar;C:\Users\Hao Hong Low\.m2\repository\org\springframework\boot\spring-boot\2.7.6\spring-boot-2.7.6.jar;C:\Users\Hao Hong Low\.m2\repository\org\springframework\boot\spring-boot-autoconfigure\2.7.6\spring-boot-autoconfigure-2.7.6.jar;C:\Users\Hao Hong Low\.m2\repository\org\springframework\boot\spring-boot-starter-logging\2.7.6\spring-boot-starter-logging-2.7.6.jar;C:\Users\Hao Hong Low\.m2\repository\ch\qos\logback\logback-classic\1.2.11\logback-classic-1.2.11.jar;C:\Users\Hao Hong Low\.m2\repository\ch\qos\logback\logback-core\1.2.11\logback-core-1.2.11.jar;C:\Users\Hao Hong Low\.m2\repository\org\apache\logging\log4j\log4j-to-slf4j\2.17.2\log4j-to-slf4j-2.17.2.jar;C:\Users\Hao Hong Low\.m2\repository\org\apache\logging\log4j\log4j-api\2.17.2\log4j-api-2.17.2.jar;C:\Users\Hao Hong Low\.m2\repository\org\slf4j\jul-to-slf4j\1.7.36\jul-to-slf4j-1.7.36.jar;C:\Users\Hao Hong Low\.m2\repository\jakarta\annotation\jakarta.annotation-api\1.3.5\jakarta.annotation-api-1.3.5.jar;C:\Users\Hao Hong Low\.m2\repository\org\yaml\snakeyaml\1.30\snakeyaml-1.30.jar;C:\Users\Hao Hong Low\.m2\repository\org\springframework\spring-aop\5.3.24\spring-aop-5.3.24.jar;C:\Users\Hao Hong Low\.m2\repository\org\springframework\spring-beans\5.3.24\spring-beans-5.3.24.jar;C:\Users\Hao Hong Low\.m2\repository\org\springframework\security\spring-security-config\5.7.5\spring-security-config-5.7.5.jar;C:\Users\Hao Hong Low\.m2\repository\org\springframework\security\spring-security-web\5.7.5\spring-security-web-5.7.5.jar;C:\Users\Hao Hong Low\.m2\repository\org\springframework\spring-expression\5.3.24\spring-expression-5.3.24.jar;C:\Users\Hao Hong Low\.m2\repository\org\springframework\boot\spring-boot-starter-web\2.7.6\spring-boot-starter-web-2.7.6.jar;C:\Users\Hao Hong Low\.m2\repository\org\springframework\boot\spring-boot-starter-json\2.7.6\spring-boot-starter-json-2.7.6.jar;C:\Users\Hao Hong Low\.m2\repository\com\fasterxml\jackson\core\jackson-databind\2.13.4.2\jackson-databind-2.13.4.2.jar;C:\Users\Hao Hong Low\.m2\repository\com\fasterxml\jackson\core\jackson-annotations\2.13.4\jackson-annotations-2.13.4.jar;C:\Users\Hao Hong Low\.m2\repository\com\fasterxml\jackson\core\jackson-core\2.13.4\jackson-core-2.13.4.jar;C:\Users\Hao Hong Low\.m2\repository\com\fasterxml\jackson\datatype\jackson-datatype-jdk8\2.13.4\jackson-datatype-jdk8-2.13.4.jar;C:\Users\Hao Hong Low\.m2\repository\com\fasterxml\jackson\datatype\jackson-datatype-jsr310\2.13.4\jackson-datatype-jsr310-2.13.4.jar;C:\Users\Hao Hong Low\.m2\repository\com\fasterxml\jackson\module\jackson-module-parameter-names\2.13.4\jackson-module-parameter-names-2.13.4.jar;C:\Users\Hao Hong Low\.m2\repository\org\springframework\boot\spring-boot-starter-tomcat\2.7.6\spring-boot-starter-tomcat-2.7.6.jar;C:\Users\Hao Hong Low\.m2\repository\org\apache\tomcat\embed\tomcat-embed-core\9.0.69\tomcat-embed-core-9.0.69.jar;C:\Users\Hao Hong Low\.m2\repository\org\apache\tomcat\embed\tomcat-embed-el\9.0.69\tomcat-embed-el-9.0.69.jar;C:\Users\Hao Hong Low\.m2\repository\org\apache\tomcat\embed\tomcat-embed-websocket\9.0.69\tomcat-embed-websocket-9.0.69.jar;C:\Users\Hao Hong Low\.m2\repository\org\springframework\spring-web\5.3.24\spring-web-5.3.24.jar;C:\Users\Hao Hong Low\.m2\repository\org\springframework\spring-webmvc\5.3.24\spring-webmvc-5.3.24.jar;C:\Users\Hao Hong Low\.m2\repository\com\google\cloud\spring-cloud-gcp-starter\3.4.0\spring-cloud-gcp-starter-3.4.0.jar;C:\Users\Hao Hong Low\.m2\repository\com\google\cloud\spring-cloud-gcp-core\3.4.0\spring-cloud-gcp-core-3.4.0.jar;C:\Users\Hao Hong Low\.m2\repository\com\google\cloud\google-cloud-core\2.8.20\google-cloud-core-2.8.20.jar;C:\Users\Hao Hong Low\.m2\repository\com\google\cloud\spring-cloud-gcp-autoconfigure\3.4.0\spring-cloud-gcp-autoconfigure-3.4.0.jar;C:\Users\Hao Hong Low\.m2\repository\org\apache\commons\commons-lang3\3.12.0\commons-lang3-3.12.0.jar;C:\Users\Hao Hong Low\.m2\repository\org\slf4j\slf4j-api\1.7.36\slf4j-api-1.7.36.jar;C:\Users\Hao Hong Low\.m2\repository\org\projectlombok\lombok\1.18.24\lombok-1.18.24.jar;C:\Users\Hao Hong Low\.m2\repository\org\springframework\boot\spring-boot-starter-test\2.7.6\spring-boot-starter-test-2.7.6.jar;C:\Users\Hao Hong Low\.m2\repository\org\springframework\boot\spring-boot-test\2.7.6\spring-boot-test-2.7.6.jar;C:\Users\Hao Hong Low\.m2\repository\org\springframework\boot\spring-boot-test-autoconfigure\2.7.6\spring-boot-test-autoconfigure-2.7.6.jar;C:\Users\Hao Hong Low\.m2\repository\com\jayway\jsonpath\json-path\2.7.0\json-path-2.7.0.jar;C:\Users\Hao Hong Low\.m2\repository\net\minidev\json-smart\2.4.8\json-smart-2.4.8.jar;C:\Users\Hao Hong Low\.m2\repository\net\minidev\accessors-smart\2.4.8\accessors-smart-2.4.8.jar;C:\Users\Hao Hong Low\.m2\repository\org\ow2\asm\asm\9.1\asm-9.1.jar;C:\Users\Hao Hong Low\.m2\repository\jakarta\xml\bind\jakarta.xml.bind-api\2.3.3\jakarta.xml.bind-api-2.3.3.jar;C:\Users\Hao Hong Low\.m2\repository\jakarta\activation\jakarta.activation-api\1.2.2\jakarta.activation-api-1.2.2.jar;C:\Users\Hao Hong Low\.m2\repository\org\assertj\assertj-core\3.22.0\assertj-core-3.22.0.jar;C:\Users\Hao Hong Low\.m2\repository\org\hamcrest\hamcrest\2.2\hamcrest-2.2.jar;C:\Users\Hao Hong Low\.m2\repository\org\junit\jupiter\junit-jupiter\5.8.2\junit-jupiter-5.8.2.jar;C:\Users\Hao Hong Low\.m2\repository\org\junit\jupiter\junit-jupiter-api\5.8.2\junit-jupiter-api-5.8.2.jar;C:\Users\Hao Hong Low\.m2\repository\org\opentest4j\opentest4j\1.2.0\opentest4j-1.2.0.jar;C:\Users\Hao Hong Low\.m2\repository\org\junit\platform\junit-platform-commons\1.8.2\junit-platform-commons-1.8.2.jar;C:\Users\Hao Hong Low\.m2\repository\org\apiguardian\apiguardian-api\1.1.2\apiguardian-api-1.1.2.jar;C:\Users\Hao Hong Low\.m2\repository\org\junit\jupiter\junit-jupiter-params\5.8.2\junit-jupiter-params-5.8.2.jar;C:\Users\Hao Hong Low\.m2\repository\org\junit\jupiter\junit-jupiter-engine\5.8.2\junit-jupiter-engine-5.8.2.jar;C:\Users\Hao Hong Low\.m2\repository\org\junit\platform\junit-platform-engine\1.8.2\junit-platform-engine-1.8.2.jar;C:\Users\Hao Hong Low\.m2\repository\org\mockito\mockito-core\4.5.1\mockito-core-4.5.1.jar;C:\Users\Hao Hong Low\.m2\repository\net\bytebuddy\byte-buddy\1.12.19\byte-buddy-1.12.19.jar;C:\Users\Hao Hong Low\.m2\repository\net\bytebuddy\byte-buddy-agent\1.12.19\byte-buddy-agent-1.12.19.jar;C:\Users\Hao Hong Low\.m2\repository\org\objenesis\objenesis\3.2\objenesis-3.2.jar;C:\Users\Hao Hong Low\.m2\repository\org\mockito\mockito-junit-jupiter\4.5.1\mockito-junit-jupiter-4.5.1.jar;C:\Users\Hao Hong Low\.m2\repository\org\skyscreamer\jsonassert\1.5.1\jsonassert-1.5.1.jar;C:\Users\Hao Hong Low\.m2\repository\com\vaadin\external\google\android-json\0.0.20131108.vaadin1\android-json-0.0.20131108.vaadin1.jar;C:\Users\Hao Hong Low\.m2\repository\org\springframework\spring-core\5.3.24\spring-core-5.3.24.jar;C:\Users\Hao Hong Low\.m2\repository\org\springframework\spring-test\5.3.24\spring-test-5.3.24.jar;C:\Users\Hao Hong Low\.m2\repository\org\xmlunit\xmlunit-core\2.9.0\xmlunit-core-2.9.0.jar;C:\Users\Hao Hong Low\.m2\repository\org\springframework\security\spring-security-test\5.7.5\spring-security-test-5.7.5.jar;C:\Users\Hao Hong Low\.m2\repository\org\springframework\security\spring-security-core\5.7.5\spring-security-core-5.7.5.jar;C:\Users\Hao Hong Low\.m2\repository\org\springframework\security\spring-security-crypto\5.7.5\spring-security-crypto-5.7.5.jar;C:\Users\Hao Hong Low\.m2\repository\com\google\cloud\spring-cloud-gcp-data-firestore\3.4.0\spring-cloud-gcp-data-firestore-3.4.0.jar;C:\Users\Hao Hong Low\.m2\repository\com\google\cloud\google-cloud-firestore\3.6.0\google-cloud-firestore-3.6.0.jar;C:\Users\Hao Hong Low\.m2\repository\com\google\cloud\google-cloud-core-grpc\2.8.20\google-cloud-core-grpc-2.8.20.jar;C:\Users\Hao Hong Low\.m2\repository\io\grpc\grpc-core\1.49.2\grpc-core-1.49.2.jar;C:\Users\Hao Hong Low\.m2\repository\com\google\android\annotations\4.1.1.4\annotations-4.1.1.4.jar;C:\Users\Hao Hong Low\.m2\repository\org\codehaus\mojo\animal-sniffer-annotations\1.22\animal-sniffer-annotations-1.22.jar;C:\Users\Hao Hong Low\.m2\repository\io\perfmark\perfmark-api\0.25.0\perfmark-api-0.25.0.jar;C:\Users\Hao Hong Low\.m2\repository\com\google\http-client\google-http-client\1.42.2\google-http-client-1.42.2.jar;C:\Users\Hao Hong Low\.m2\repository\org\apache\httpcomponents\httpclient\4.5.13\httpclient-4.5.13.jar;C:\Users\Hao Hong Low\.m2\repository\commons-codec\commons-codec\1.15\commons-codec-1.15.jar;C:\Users\Hao Hong Low\.m2\repository\org\apache\httpcomponents\httpcore\4.4.15\httpcore-4.4.15.jar;C:\Users\Hao Hong Low\.m2\repository\io\opencensus\opencensus-contrib-http-util\0.31.1\opencensus-contrib-http-util-0.31.1.jar;C:\Users\Hao Hong Low\.m2\repository\com\google\api\grpc\proto-google-cloud-firestore-v1\3.6.0\proto-google-cloud-firestore-v1-3.6.0.jar;C:\Users\Hao Hong Low\.m2\repository\com\google\cloud\proto-google-cloud-firestore-bundle-v1\3.6.0\proto-google-cloud-firestore-bundle-v1-3.6.0.jar;C:\Users\Hao Hong Low\.m2\repository\com\google\auto\value\auto-value-annotations\1.9\auto-value-annotations-1.9.jar;C:\Users\Hao Hong Low\.m2\repository\io\opencensus\opencensus-contrib-grpc-util\0.31.1\opencensus-contrib-grpc-util-0.31.1.jar;C:\Users\Hao Hong Low\.m2\repository\com\google\code\findbugs\jsr305\3.0.2\jsr305-3.0.2.jar;C:\Users\Hao Hong Low\.m2\repository\com\google\api\api-common\2.2.1\api-common-2.2.1.jar;C:\Users\Hao Hong Low\.m2\repository\javax\annotation\javax.annotation-api\1.3.2\javax.annotation-api-1.3.2.jar;C:\Users\Hao Hong Low\.m2\repository\io\grpc\grpc-protobuf\1.49.2\grpc-protobuf-1.49.2.jar;C:\Users\Hao Hong Low\.m2\repository\io\grpc\grpc-protobuf-lite\1.49.2\grpc-protobuf-lite-1.49.2.jar;C:\Users\Hao Hong Low\.m2\repository\io\grpc\grpc-context\1.49.2\grpc-context-1.49.2.jar;C:\Users\Hao Hong Low\.m2\repository\com\google\protobuf\protobuf-java\3.21.7\protobuf-java-3.21.7.jar;C:\Users\Hao Hong Low\.m2\repository\com\google\api\grpc\proto-google-common-protos\2.9.6\proto-google-common-protos-2.9.6.jar;C:\Users\Hao Hong Low\.m2\repository\com\google\api\gax\2.19.2\gax-2.19.2.jar;C:\Users\Hao Hong Low\.m2\repository\io\grpc\grpc-api\1.49.2\grpc-api-1.49.2.jar;C:\Users\Hao Hong Low\.m2\repository\com\google\errorprone\error_prone_annotations\2.15.0\error_prone_annotations-2.15.0.jar;C:\Users\Hao Hong Low\.m2\repository\com\google\api\gax-grpc\2.19.2\gax-grpc-2.19.2.jar;C:\Users\Hao Hong Low\.m2\repository\io\grpc\grpc-alts\1.49.2\grpc-alts-1.49.2.jar;C:\Users\Hao Hong Low\.m2\repository\io\grpc\grpc-grpclb\1.49.2\grpc-grpclb-1.49.2.jar;C:\Users\Hao Hong Low\.m2\repository\org\conscrypt\conscrypt-openjdk-uber\2.5.2\conscrypt-openjdk-uber-2.5.2.jar;C:\Users\Hao Hong Low\.m2\repository\io\grpc\grpc-auth\1.49.2\grpc-auth-1.49.2.jar;C:\Users\Hao Hong Low\.m2\repository\io\grpc\grpc-netty-shaded\1.49.2\grpc-netty-shaded-1.49.2.jar;C:\Users\Hao Hong Low\.m2\repository\io\grpc\grpc-googleapis\1.49.2\grpc-googleapis-1.49.2.jar;C:\Users\Hao Hong Low\.m2\repository\io\grpc\grpc-xds\1.49.2\grpc-xds-1.49.2.jar;C:\Users\Hao Hong Low\.m2\repository\io\opencensus\opencensus-proto\0.2.0\opencensus-proto-0.2.0.jar;C:\Users\Hao Hong Low\.m2\repository\io\grpc\grpc-services\1.49.2\grpc-services-1.49.2.jar;C:\Users\Hao Hong Low\.m2\repository\com\google\re2j\re2j\1.6\re2j-1.6.jar;C:\Users\Hao Hong Low\.m2\repository\com\google\api\gax-httpjson\0.104.2\gax-httpjson-0.104.2.jar;C:\Users\Hao Hong Low\.m2\repository\com\google\guava\guava\31.1-jre\guava-31.1-jre.jar;C:\Users\Hao Hong Low\.m2\repository\com\google\guava\failureaccess\1.0.1\failureaccess-1.0.1.jar;C:\Users\Hao Hong Low\.m2\repository\com\google\guava\listenablefuture\9999.0-empty-to-avoid-conflict-with-guava\listenablefuture-9999.0-empty-to-avoid-conflict-with-guava.jar;C:\Users\Hao Hong Low\.m2\repository\org\checkerframework\checker-qual\3.25.0\checker-qual-3.25.0.jar;C:\Users\Hao Hong Low\.m2\repository\com\google\j2objc\j2objc-annotations\1.3\j2objc-annotations-1.3.jar;C:\Users\Hao Hong Low\.m2\repository\org\threeten\threetenbp\1.6.2\threetenbp-1.6.2.jar;C:\Users\Hao Hong Low\.m2\repository\io\grpc\grpc-stub\1.49.2\grpc-stub-1.49.2.jar;C:\Users\Hao Hong Low\.m2\repository\io\opencensus\opencensus-api\0.31.1\opencensus-api-0.31.1.jar;C:\Users\Hao Hong Low\.m2\repository\com\google\auth\google-auth-library-credentials\1.11.0\google-auth-library-credentials-1.11.0.jar;C:\Users\Hao Hong Low\.m2\repository\com\google\api\grpc\proto-google-iam-v1\1.6.2\proto-google-iam-v1-1.6.2.jar;C:\Users\Hao Hong Low\.m2\repository\com\google\auth\google-auth-library-oauth2-http\1.11.0\google-auth-library-oauth2-http-1.11.0.jar;C:\Users\Hao Hong Low\.m2\repository\com\google\http-client\google-http-client-gson\1.42.2\google-http-client-gson-1.42.2.jar;C:\Users\Hao Hong Low\.m2\repository\com\google\code\gson\gson\2.9.1\gson-2.9.1.jar;C:\Users\Hao Hong Low\.m2\repository\com\google\protobuf\protobuf-java-util\3.21.7\protobuf-java-util-3.21.7.jar;C:\Users\Hao Hong Low\.m2\repository\com\google\api\grpc\grpc-google-cloud-firestore-v1\3.6.0\grpc-google-cloud-firestore-v1-3.6.0.jar;C:\Users\Hao Hong Low\.m2\repository\org\springframework\data\spring-data-commons\2.7.6\spring-data-commons-2.7.6.jar;C:\Users\Hao Hong Low\.m2\repository\org\springframework\spring-context\5.3.24\spring-context-5.3.24.jar;C:\Users\Hao Hong Low\.m2\repository\org\springframework\spring-tx\5.3.24\spring-tx-5.3.24.jar;C:\Users\Hao Hong Low\.m2\repository\io\projectreactor\reactor-core\3.4.25\reactor-core-3.4.25.jar;C:\Users\Hao Hong Low\.m2\repository\org\reactivestreams\reactive-streams\1.0.4\reactive-streams-1.0.4.jar;C:\Users\Hao Hong Low\.m2\repository\com\google\cloud\spring-cloud-gcp-starter-data-firestore\3.4.0\spring-cloud-gcp-starter-data-firestore-3.4.0.jar;C:\Users\Hao Hong Low\.m2\repository\com\thedeanda\lorem\2.1\lorem-2.1.jar;C:\Users\Hao Hong Low\.m2\repository\org\springframework\session\spring-session-core\3.0.0\spring-session-core-3.0.0.jar;C:\Users\Hao Hong Low\.m2\repository\org\springframework\spring-jcl\5.3.24\spring-jcl-5.3.24.jar;C:\Users\Hao Hong Low\.m2\repository\org\springframework\session\spring-session\1.3.5.RELEASE\spring-session-1.3.5.RELEASE.jar;C:\Users\Hao Hong Low\.m2\repository\commons-logging\commons-logging\1.2\commons-logging-1.2.jar;C:\Users\Hao Hong Low\.m2\repository\jakarta\servlet\jakarta.servlet-api\5.0.0\jakarta.servlet-api-5.0.0.jar;"/>
    <property name="java.vm.vendor" value="Eclipse Adoptium"/>
    <property name="sun.arch.data.model" value="64"/>
    <property name="user.variant" value=""/>
    <property name="java.vendor.url" value="https://adoptium.net/"/>
    <property name="user.timezone" value="Asia/Singapore"/>
    <property name="os.name" value="Windows 10"/>
    <property name="java.vm.specification.version" value="17"/>
    <property name="sun.java.launcher" value="SUN_STANDARD"/>
    <property name="user.country" value="SG"/>
    <property name="sun.boot.library.path" value="C:\Program Files\Eclipse Adoptium\jdk-17.0.5.8-hotspot\bin"/>
    <property name="sun.java.command" value="C:\Users\HAOHON~1\AppData\Local\Temp\surefire3933421723406841038\surefirebooter2843824095877925192.jar C:\Users\Hao Hong Low\AppData\Local\Temp\surefire3933421723406841038 2022-12-19T11-58-53_669-jvmRun1 surefire3116353180437917305tmp surefire_07017325454535957141tmp"/>
    <property name="jdk.debug" value="release"/>
    <property name="surefire.test.class.path" value="C:\Users\Hao Hong Low\OneDrive\Desktop\LoginPageBackend\target\test-classes;C:\Users\Hao Hong Low\OneDrive\Desktop\LoginPageBackend\target\classes;C:\Users\Hao Hong Low\.m2\repository\org\springframework\boot\spring-boot-starter-security\2.7.6\spring-boot-starter-security-2.7.6.jar;C:\Users\Hao Hong Low\.m2\repository\org\springframework\boot\spring-boot-starter\2.7.6\spring-boot-starter-2.7.6.jar;C:\Users\Hao Hong Low\.m2\repository\org\springframework\boot\spring-boot\2.7.6\spring-boot-2.7.6.jar;C:\Users\Hao Hong Low\.m2\repository\org\springframework\boot\spring-boot-autoconfigure\2.7.6\spring-boot-autoconfigure-2.7.6.jar;C:\Users\Hao Hong Low\.m2\repository\org\springframework\boot\spring-boot-starter-logging\2.7.6\spring-boot-starter-logging-2.7.6.jar;C:\Users\Hao Hong Low\.m2\repository\ch\qos\logback\logback-classic\1.2.11\logback-classic-1.2.11.jar;C:\Users\Hao Hong Low\.m2\repository\ch\qos\logback\logback-core\1.2.11\logback-core-1.2.11.jar;C:\Users\Hao Hong Low\.m2\repository\org\apache\logging\log4j\log4j-to-slf4j\2.17.2\log4j-to-slf4j-2.17.2.jar;C:\Users\Hao Hong Low\.m2\repository\org\apache\logging\log4j\log4j-api\2.17.2\log4j-api-2.17.2.jar;C:\Users\Hao Hong Low\.m2\repository\org\slf4j\jul-to-slf4j\1.7.36\jul-to-slf4j-1.7.36.jar;C:\Users\Hao Hong Low\.m2\repository\jakarta\annotation\jakarta.annotation-api\1.3.5\jakarta.annotation-api-1.3.5.jar;C:\Users\Hao Hong Low\.m2\repository\org\yaml\snakeyaml\1.30\snakeyaml-1.30.jar;C:\Users\Hao Hong Low\.m2\repository\org\springframework\spring-aop\5.3.24\spring-aop-5.3.24.jar;C:\Users\Hao Hong Low\.m2\repository\org\springframework\spring-beans\5.3.24\spring-beans-5.3.24.jar;C:\Users\Hao Hong Low\.m2\repository\org\springframework\security\spring-security-config\5.7.5\spring-security-config-5.7.5.jar;C:\Users\Hao Hong Low\.m2\repository\org\springframework\security\spring-security-web\5.7.5\spring-security-web-5.7.5.jar;C:\Users\Hao Hong Low\.m2\repository\org\springframework\spring-expression\5.3.24\spring-expression-5.3.24.jar;C:\Users\Hao Hong Low\.m2\repository\org\springframework\boot\spring-boot-starter-web\2.7.6\spring-boot-starter-web-2.7.6.jar;C:\Users\Hao Hong Low\.m2\repository\org\springframework\boot\spring-boot-starter-json\2.7.6\spring-boot-starter-json-2.7.6.jar;C:\Users\Hao Hong Low\.m2\repository\com\fasterxml\jackson\core\jackson-databind\2.13.4.2\jackson-databind-2.13.4.2.jar;C:\Users\Hao Hong Low\.m2\repository\com\fasterxml\jackson\core\jackson-annotations\2.13.4\jackson-annotations-2.13.4.jar;C:\Users\Hao Hong Low\.m2\repository\com\fasterxml\jackson\core\jackson-core\2.13.4\jackson-core-2.13.4.jar;C:\Users\Hao Hong Low\.m2\repository\com\fasterxml\jackson\datatype\jackson-datatype-jdk8\2.13.4\jackson-datatype-jdk8-2.13.4.jar;C:\Users\Hao Hong Low\.m2\repository\com\fasterxml\jackson\datatype\jackson-datatype-jsr310\2.13.4\jackson-datatype-jsr310-2.13.4.jar;C:\Users\Hao Hong Low\.m2\repository\com\fasterxml\jackson\module\jackson-module-parameter-names\2.13.4\jackson-module-parameter-names-2.13.4.jar;C:\Users\Hao Hong Low\.m2\repository\org\springframework\boot\spring-boot-starter-tomcat\2.7.6\spring-boot-starter-tomcat-2.7.6.jar;C:\Users\Hao Hong Low\.m2\repository\org\apache\tomcat\embed\tomcat-embed-core\9.0.69\tomcat-embed-core-9.0.69.jar;C:\Users\Hao Hong Low\.m2\repository\org\apache\tomcat\embed\tomcat-embed-el\9.0.69\tomcat-embed-el-9.0.69.jar;C:\Users\Hao Hong Low\.m2\repository\org\apache\tomcat\embed\tomcat-embed-websocket\9.0.69\tomcat-embed-websocket-9.0.69.jar;C:\Users\Hao Hong Low\.m2\repository\org\springframework\spring-web\5.3.24\spring-web-5.3.24.jar;C:\Users\Hao Hong Low\.m2\repository\org\springframework\spring-webmvc\5.3.24\spring-webmvc-5.3.24.jar;C:\Users\Hao Hong Low\.m2\repository\com\google\cloud\spring-cloud-gcp-starter\3.4.0\spring-cloud-gcp-starter-3.4.0.jar;C:\Users\Hao Hong Low\.m2\repository\com\google\cloud\spring-cloud-gcp-core\3.4.0\spring-cloud-gcp-core-3.4.0.jar;C:\Users\Hao Hong Low\.m2\repository\com\google\cloud\google-cloud-core\2.8.20\google-cloud-core-2.8.20.jar;C:\Users\Hao Hong Low\.m2\repository\com\google\cloud\spring-cloud-gcp-autoconfigure\3.4.0\spring-cloud-gcp-autoconfigure-3.4.0.jar;C:\Users\Hao Hong Low\.m2\repository\org\apache\commons\commons-lang3\3.12.0\commons-lang3-3.12.0.jar;C:\Users\Hao Hong Low\.m2\repository\org\slf4j\slf4j-api\1.7.36\slf4j-api-1.7.36.jar;C:\Users\Hao Hong Low\.m2\repository\org\projectlombok\lombok\1.18.24\lombok-1.18.24.jar;C:\Users\Hao Hong Low\.m2\repository\org\springframework\boot\spring-boot-starter-test\2.7.6\spring-boot-starter-test-2.7.6.jar;C:\Users\Hao Hong Low\.m2\repository\org\springframework\boot\spring-boot-test\2.7.6\spring-boot-test-2.7.6.jar;C:\Users\Hao Hong Low\.m2\repository\org\springframework\boot\spring-boot-test-autoconfigure\2.7.6\spring-boot-test-autoconfigure-2.7.6.jar;C:\Users\Hao Hong Low\.m2\repository\com\jayway\jsonpath\json-path\2.7.0\json-path-2.7.0.jar;C:\Users\Hao Hong Low\.m2\repository\net\minidev\json-smart\2.4.8\json-smart-2.4.8.jar;C:\Users\Hao Hong Low\.m2\repository\net\minidev\accessors-smart\2.4.8\accessors-smart-2.4.8.jar;C:\Users\Hao Hong Low\.m2\repository\org\ow2\asm\asm\9.1\asm-9.1.jar;C:\Users\Hao Hong Low\.m2\repository\jakarta\xml\bind\jakarta.xml.bind-api\2.3.3\jakarta.xml.bind-api-2.3.3.jar;C:\Users\Hao Hong Low\.m2\repository\jakarta\activation\jakarta.activation-api\1.2.2\jakarta.activation-api-1.2.2.jar;C:\Users\Hao Hong Low\.m2\repository\org\assertj\assertj-core\3.22.0\assertj-core-3.22.0.jar;C:\Users\Hao Hong Low\.m2\repository\org\hamcrest\hamcrest\2.2\hamcrest-2.2.jar;C:\Users\Hao Hong Low\.m2\repository\org\junit\jupiter\junit-jupiter\5.8.2\junit-jupiter-5.8.2.jar;C:\Users\Hao Hong Low\.m2\repository\org\junit\jupiter\junit-jupiter-api\5.8.2\junit-jupiter-api-5.8.2.jar;C:\Users\Hao Hong Low\.m2\repository\org\opentest4j\opentest4j\1.2.0\opentest4j-1.2.0.jar;C:\Users\Hao Hong Low\.m2\repository\org\junit\platform\junit-platform-commons\1.8.2\junit-platform-commons-1.8.2.jar;C:\Users\Hao Hong Low\.m2\repository\org\apiguardian\apiguardian-api\1.1.2\apiguardian-api-1.1.2.jar;C:\Users\Hao Hong Low\.m2\repository\org\junit\jupiter\junit-jupiter-params\5.8.2\junit-jupiter-params-5.8.2.jar;C:\Users\Hao Hong Low\.m2\repository\org\junit\jupiter\junit-jupiter-engine\5.8.2\junit-jupiter-engine-5.8.2.jar;C:\Users\Hao Hong Low\.m2\repository\org\junit\platform\junit-platform-engine\1.8.2\junit-platform-engine-1.8.2.jar;C:\Users\Hao Hong Low\.m2\repository\org\mockito\mockito-core\4.5.1\mockito-core-4.5.1.jar;C:\Users\Hao Hong Low\.m2\repository\net\bytebuddy\byte-buddy\1.12.19\byte-buddy-1.12.19.jar;C:\Users\Hao Hong Low\.m2\repository\net\bytebuddy\byte-buddy-agent\1.12.19\byte-buddy-agent-1.12.19.jar;C:\Users\Hao Hong Low\.m2\repository\org\objenesis\objenesis\3.2\objenesis-3.2.jar;C:\Users\Hao Hong Low\.m2\repository\org\mockito\mockito-junit-jupiter\4.5.1\mockito-junit-jupiter-4.5.1.jar;C:\Users\Hao Hong Low\.m2\repository\org\skyscreamer\jsonassert\1.5.1\jsonassert-1.5.1.jar;C:\Users\Hao Hong Low\.m2\repository\com\vaadin\external\google\android-json\0.0.20131108.vaadin1\android-json-0.0.20131108.vaadin1.jar;C:\Users\Hao Hong Low\.m2\repository\org\springframework\spring-core\5.3.24\spring-core-5.3.24.jar;C:\Users\Hao Hong Low\.m2\repository\org\springframework\spring-test\5.3.24\spring-test-5.3.24.jar;C:\Users\Hao Hong Low\.m2\repository\org\xmlunit\xmlunit-core\2.9.0\xmlunit-core-2.9.0.jar;C:\Users\Hao Hong Low\.m2\repository\org\springframework\security\spring-security-test\5.7.5\spring-security-test-5.7.5.jar;C:\Users\Hao Hong Low\.m2\repository\org\springframework\security\spring-security-core\5.7.5\spring-security-core-5.7.5.jar;C:\Users\Hao Hong Low\.m2\repository\org\springframework\security\spring-security-crypto\5.7.5\spring-security-crypto-5.7.5.jar;C:\Users\Hao Hong Low\.m2\repository\com\google\cloud\spring-cloud-gcp-data-firestore\3.4.0\spring-cloud-gcp-data-firestore-3.4.0.jar;C:\Users\Hao Hong Low\.m2\repository\com\google\cloud\google-cloud-firestore\3.6.0\google-cloud-firestore-3.6.0.jar;C:\Users\Hao Hong Low\.m2\repository\com\google\cloud\google-cloud-core-grpc\2.8.20\google-cloud-core-grpc-2.8.20.jar;C:\Users\Hao Hong Low\.m2\repository\io\grpc\grpc-core\1.49.2\grpc-core-1.49.2.jar;C:\Users\Hao Hong Low\.m2\repository\com\google\android\annotations\4.1.1.4\annotations-4.1.1.4.jar;C:\Users\Hao Hong Low\.m2\repository\org\codehaus\mojo\animal-sniffer-annotations\1.22\animal-sniffer-annotations-1.22.jar;C:\Users\Hao Hong Low\.m2\repository\io\perfmark\perfmark-api\0.25.0\perfmark-api-0.25.0.jar;C:\Users\Hao Hong Low\.m2\repository\com\google\http-client\google-http-client\1.42.2\google-http-client-1.42.2.jar;C:\Users\Hao Hong Low\.m2\repository\org\apache\httpcomponents\httpclient\4.5.13\httpclient-4.5.13.jar;C:\Users\Hao Hong Low\.m2\repository\commons-codec\commons-codec\1.15\commons-codec-1.15.jar;C:\Users\Hao Hong Low\.m2\repository\org\apache\httpcomponents\httpcore\4.4.15\httpcore-4.4.15.jar;C:\Users\Hao Hong Low\.m2\repository\io\opencensus\opencensus-contrib-http-util\0.31.1\opencensus-contrib-http-util-0.31.1.jar;C:\Users\Hao Hong Low\.m2\repository\com\google\api\grpc\proto-google-cloud-firestore-v1\3.6.0\proto-google-cloud-firestore-v1-3.6.0.jar;C:\Users\Hao Hong Low\.m2\repository\com\google\cloud\proto-google-cloud-firestore-bundle-v1\3.6.0\proto-google-cloud-firestore-bundle-v1-3.6.0.jar;C:\Users\Hao Hong Low\.m2\repository\com\google\auto\value\auto-value-annotations\1.9\auto-value-annotations-1.9.jar;C:\Users\Hao Hong Low\.m2\repository\io\opencensus\opencensus-contrib-grpc-util\0.31.1\opencensus-contrib-grpc-util-0.31.1.jar;C:\Users\Hao Hong Low\.m2\repository\com\google\code\findbugs\jsr305\3.0.2\jsr305-3.0.2.jar;C:\Users\Hao Hong Low\.m2\repository\com\google\api\api-common\2.2.1\api-common-2.2.1.jar;C:\Users\Hao Hong Low\.m2\repository\javax\annotation\javax.annotation-api\1.3.2\javax.annotation-api-1.3.2.jar;C:\Users\Hao Hong Low\.m2\repository\io\grpc\grpc-protobuf\1.49.2\grpc-protobuf-1.49.2.jar;C:\Users\Hao Hong Low\.m2\repository\io\grpc\grpc-protobuf-lite\1.49.2\grpc-protobuf-lite-1.49.2.jar;C:\Users\Hao Hong Low\.m2\repository\io\grpc\grpc-context\1.49.2\grpc-context-1.49.2.jar;C:\Users\Hao Hong Low\.m2\repository\com\google\protobuf\protobuf-java\3.21.7\protobuf-java-3.21.7.jar;C:\Users\Hao Hong Low\.m2\repository\com\google\api\grpc\proto-google-common-protos\2.9.6\proto-google-common-protos-2.9.6.jar;C:\Users\Hao Hong Low\.m2\repository\com\google\api\gax\2.19.2\gax-2.19.2.jar;C:\Users\Hao Hong Low\.m2\repository\io\grpc\grpc-api\1.49.2\grpc-api-1.49.2.jar;C:\Users\Hao Hong Low\.m2\repository\com\google\errorprone\error_prone_annotations\2.15.0\error_prone_annotations-2.15.0.jar;C:\Users\Hao Hong Low\.m2\repository\com\google\api\gax-grpc\2.19.2\gax-grpc-2.19.2.jar;C:\Users\Hao Hong Low\.m2\repository\io\grpc\grpc-alts\1.49.2\grpc-alts-1.49.2.jar;C:\Users\Hao Hong Low\.m2\repository\io\grpc\grpc-grpclb\1.49.2\grpc-grpclb-1.49.2.jar;C:\Users\Hao Hong Low\.m2\repository\org\conscrypt\conscrypt-openjdk-uber\2.5.2\conscrypt-openjdk-uber-2.5.2.jar;C:\Users\Hao Hong Low\.m2\repository\io\grpc\grpc-auth\1.49.2\grpc-auth-1.49.2.jar;C:\Users\Hao Hong Low\.m2\repository\io\grpc\grpc-netty-shaded\1.49.2\grpc-netty-shaded-1.49.2.jar;C:\Users\Hao Hong Low\.m2\repository\io\grpc\grpc-googleapis\1.49.2\grpc-googleapis-1.49.2.jar;C:\Users\Hao Hong Low\.m2\repository\io\grpc\grpc-xds\1.49.2\grpc-xds-1.49.2.jar;C:\Users\Hao Hong Low\.m2\repository\io\opencensus\opencensus-proto\0.2.0\opencensus-proto-0.2.0.jar;C:\Users\Hao Hong Low\.m2\repository\io\grpc\grpc-services\1.49.2\grpc-services-1.49.2.jar;C:\Users\Hao Hong Low\.m2\repository\com\google\re2j\re2j\1.6\re2j-1.6.jar;C:\Users\Hao Hong Low\.m2\repository\com\google\api\gax-httpjson\0.104.2\gax-httpjson-0.104.2.jar;C:\Users\Hao Hong Low\.m2\repository\com\google\guava\guava\31.1-jre\guava-31.1-jre.jar;C:\Users\Hao Hong Low\.m2\repository\com\google\guava\failureaccess\1.0.1\failureaccess-1.0.1.jar;C:\Users\Hao Hong Low\.m2\repository\com\google\guava\listenablefuture\9999.0-empty-to-avoid-conflict-with-guava\listenablefuture-9999.0-empty-to-avoid-conflict-with-guava.jar;C:\Users\Hao Hong Low\.m2\repository\org\checkerframework\checker-qual\3.25.0\checker-qual-3.25.0.jar;C:\Users\Hao Hong Low\.m2\repository\com\google\j2objc\j2objc-annotations\1.3\j2objc-annotations-1.3.jar;C:\Users\Hao Hong Low\.m2\repository\org\threeten\threetenbp\1.6.2\threetenbp-1.6.2.jar;C:\Users\Hao Hong Low\.m2\repository\io\grpc\grpc-stub\1.49.2\grpc-stub-1.49.2.jar;C:\Users\Hao Hong Low\.m2\repository\io\opencensus\opencensus-api\0.31.1\opencensus-api-0.31.1.jar;C:\Users\Hao Hong Low\.m2\repository\com\google\auth\google-auth-library-credentials\1.11.0\google-auth-library-credentials-1.11.0.jar;C:\Users\Hao Hong Low\.m2\repository\com\google\api\grpc\proto-google-iam-v1\1.6.2\proto-google-iam-v1-1.6.2.jar;C:\Users\Hao Hong Low\.m2\repository\com\google\auth\google-auth-library-oauth2-http\1.11.0\google-auth-library-oauth2-http-1.11.0.jar;C:\Users\Hao Hong Low\.m2\repository\com\google\http-client\google-http-client-gson\1.42.2\google-http-client-gson-1.42.2.jar;C:\Users\Hao Hong Low\.m2\repository\com\google\code\gson\gson\2.9.1\gson-2.9.1.jar;C:\Users\Hao Hong Low\.m2\repository\com\google\protobuf\protobuf-java-util\3.21.7\protobuf-java-util-3.21.7.jar;C:\Users\Hao Hong Low\.m2\repository\com\google\api\grpc\grpc-google-cloud-firestore-v1\3.6.0\grpc-google-cloud-firestore-v1-3.6.0.jar;C:\Users\Hao Hong Low\.m2\repository\org\springframework\data\spring-data-commons\2.7.6\spring-data-commons-2.7.6.jar;C:\Users\Hao Hong Low\.m2\repository\org\springframework\spring-context\5.3.24\spring-context-5.3.24.jar;C:\Users\Hao Hong Low\.m2\repository\org\springframework\spring-tx\5.3.24\spring-tx-5.3.24.jar;C:\Users\Hao Hong Low\.m2\repository\io\projectreactor\reactor-core\3.4.25\reactor-core-3.4.25.jar;C:\Users\Hao Hong Low\.m2\repository\org\reactivestreams\reactive-streams\1.0.4\reactive-streams-1.0.4.jar;C:\Users\Hao Hong Low\.m2\repository\com\google\cloud\spring-cloud-gcp-starter-data-firestore\3.4.0\spring-cloud-gcp-starter-data-firestore-3.4.0.jar;C:\Users\Hao Hong Low\.m2\repository\com\thedeanda\lorem\2.1\lorem-2.1.jar;C:\Users\Hao Hong Low\.m2\repository\org\springframework\session\spring-session-core\3.0.0\spring-session-core-3.0.0.jar;C:\Users\Hao Hong Low\.m2\repository\org\springframework\spring-jcl\5.3.24\spring-jcl-5.3.24.jar;C:\Users\Hao Hong Low\.m2\repository\org\springframework\session\spring-session\1.3.5.RELEASE\spring-session-1.3.5.RELEASE.jar;C:\Users\Hao Hong Low\.m2\repository\commons-logging\commons-logging\1.2\commons-logging-1.2.jar;C:\Users\Hao Hong Low\.m2\repository\jakarta\servlet\jakarta.servlet-api\5.0.0\jakarta.servlet-api-5.0.0.jar;"/>
    <property name="sun.cpu.endian" value="little"/>
    <property name="user.home" value="C:\Users\Hao Hong Low"/>
    <property name="user.language" value="en"/>
    <property name="java.specification.vendor" value="Oracle Corporation"/>
    <property name="java.version.date" value="2022-10-18"/>
    <property name="java.home" value="C:\Program Files\Eclipse Adoptium\jdk-17.0.5.8-hotspot"/>
    <property name="file.separator" value="\"/>
    <property name="basedir" value="C:\Users\Hao Hong Low\OneDrive\Desktop\LoginPageBackend"/>
    <property name="java.vm.compressedOopsMode" value="Zero based"/>
    <property name="line.separator" value="&#10;"/>
    <property name="java.vm.specification.vendor" value="Oracle Corporation"/>
    <property name="java.specification.name" value="Java Platform API Specification"/>
    <property name="surefire.real.class.path" value="C:\Users\HAOHON~1\AppData\Local\Temp\surefire3933421723406841038\surefirebooter2843824095877925192.jar"/>
    <property name="user.script" value=""/>
    <property name="sun.management.compiler" value="HotSpot 64-Bit Tiered Compilers"/>
    <property name="java.runtime.version" value="17.0.5+8"/>
    <property name="user.name" value="Hao Hong Low"/>
    <property name="path.separator" value=";"/>
    <property name="os.version" value="10.0"/>
    <property name="java.runtime.name" value="OpenJDK Runtime Environment"/>
    <property name="file.encoding" value="Cp1252"/>
    <property name="java.vm.name" value="OpenJDK 64-Bit Server VM"/>
    <property name="java.vendor.version" value="Temurin-17.0.5+8"/>
    <property name="localRepository" value="C:\Users\Hao Hong Low\.m2\repository"/>
    <property name="java.vendor.url.bug" value="https://github.com/adoptium/adoptium-support/issues"/>
    <property name="java.io.tmpdir" value="C:\Users\HAOHON~1\AppData\Local\Temp\"/>
    <property name="java.version" value="17.0.5"/>
    <property name="user.dir" value="C:\Users\Hao Hong Low\OneDrive\Desktop\LoginPageBackend"/>
    <property name="os.arch" value="amd64"/>
    <property name="java.vm.specification.name" value="Java Virtual Machine Specification"/>
    <property name="sun.os.patch.level" value=""/>
    <property name="native.encoding" value="Cp1252"/>
    <property name="java.library.path" value="C:\Program Files\Eclipse Adoptium\jdk-17.0.5.8-hotspot\bin;C:\WINDOWS\Sun\Java\bin;C:\WINDOWS\system32;C:\WINDOWS;C:\Program Files\NVIDIA GPU Computing Toolkit\CUDA\v11.8\bin;C:\Program Files\NVIDIA GPU Computing Toolkit\CUDA\v11.8\libnvvp;C:\Program Files\Eclipse Adoptium\jdk-17.0.5.8-hotspot\bin;C:\Windows\system32;C:\Windows;C:\Windows\System32\Wbem;C:\Windows\System32\WindowsPowerShell\v1.0\;C:\Windows\System32\OpenSSH\;C:\Program Files (x86)\NVIDIA Corporation\PhysX\Common;C:\Program Files\NVIDIA Corporation\NVIDIA NvDLISR;C:\Program Files\Intel\WiFi\bin\;C:\Program Files\Common Files\Intel\WirelessCommon\;C:\WINDOWS\system32;C:\WINDOWS;C:\WINDOWS\System32\Wbem;C:\WINDOWS\System32\WindowsPowerShell\v1.0\;C:\WINDOWS\System32\OpenSSH\;C:\Program Files\doxygen\bin;C:\Program Files\PuTTY\;C:\Program Files\Graphviz\bin;C:\Program Files\Microsoft SQL Server\150\Tools\Binn\;C:\Program Files\dotnet\;C:\Program Files\Git\cmd;C:\Program Files\Java\jdk-18.0.1;C:\Program Files\Docker\Docker\resources\bin;C:\ProgramData\DockerDesktop\version-bin;C:\Users\Hao Hong Low\AppData\Roaming\nvm;C:\Program Files\nodejs;C:\Program Files (x86)\Google\Cloud SDK\google-cloud-sdk\bin;C:\Program Files\apache-maven-3.8.6\bin;C:\Program Files\NVIDIA Corporation\Nsight Compute 2022.3.0\;C:\Users\Hao Hong Low\AppData\Local\Programs\Python\Python310\Scripts\;C:\Users\Hao Hong Low\AppData\Local\Programs\Python\Python310\;C:\Users\Hao Hong Low\AppData\Local\Programs\Python\Launcher\;C:\Users\Hao Hong Low\AppData\Local\Programs\Python\Python311\Scripts\;C:\Users\Hao Hong Low\AppData\Local\Programs\Python\Python311\;C:\Users\Hao Hong Low\AppData\Local\Microsoft\WindowsApps;C:\msys64\mingw64\bin;C:\Program Files\JetBrains\PyCharm Community Edition 2021.1.3\bin;C:\Users\Hao Hong Low\AppData\Local\Programs\Microsoft VS Code\bin;C:\Users\Hao Hong Low\AppData\Local\GitHubDesktop\bin;C:\Users\Hao Hong Low\AppData\Roaming\npm;C:\Program Files\JetBrains\IntelliJ IDEA Community Edition 2022.1\bin;C:\Program Files\apache-maven-3.8.5\bin;C:\Program Files\JetBrains\IntelliJ IDEA 2022.2\bin;C:\Program Files\JetBrains\PyCharm 2022.2.2\bin;;."/>
    <property name="java.vm.info" value="mixed mode, sharing"/>
    <property name="java.vendor" value="Eclipse Adoptium"/>
    <property name="java.vm.version" value="17.0.5+8"/>
    <property name="sun.io.unicode.encoding" value="UnicodeLittle"/>
    <property name="java.class.version" value="61.0"/>
  </properties>
  <testcase name="contextLoads" classname="com.loginPage.LoginPageBackend.LoginPageBackendApplicationTests" time="0.367"/>
</testsuite>